<?xml version="1.0" encoding="UTF-8"?>
<!-- Generated by org.testng.reporters.JUnitReportReporter -->
<testsuite hostname="Paritosh-PC" failures="0" tests="1" name="testcases.CarLoanTest" time="0.095" errors="0" timestamp="16 Apr 2023 03:58:55 GMT" skipped="0">
  <testcase classname="testcases.CarLoanTest" name="test3" time="0.095"/>
</testsuite> <!-- testcases.CarLoanTest -->
