<?xml version="1.0" encoding="UTF-8"?>
<!-- Generated by org.testng.reporters.JUnitReportReporter -->
<testsuite hostname="Paritosh-PC" failures="0" tests="1" name="testcases.HomeLoanTest" time="0.003" errors="0" timestamp="16 Apr 2023 06:53:57 GMT" skipped="0">
  <testcase classname="testcases.HomeLoanTest" name="test1" time="0.003"/>
</testsuite> <!-- testcases.HomeLoanTest -->
